This is XeTeX, Version 3.14159265-2.6-0.999992 (MiKTeX 2.9.7350 64-bit) (preloaded format=xelatex 2020.3.30)  30 MAR 2020 23:41
entering extended mode
**./template.tex
(template.tex
LaTeX2e <2020-02-02> patch level 5
L3 programming layer <2020-03-06> (twentysecondcv.cls
Document Class: twentysecondcv 2015/02/28 CV class
("C:\Users\pr_fa\AppData\Local\Programs\MiKTeX 2.9\tex/latex/base\article.cls"
Document Class: article 2019/12/20 v1.4l Standard LaTeX document class
("C:\Users\pr_fa\AppData\Local\Programs\MiKTeX 2.9\tex/latex/base\size10.clo"
File: size10.clo 2019/12/20 v1.4l Standard LaTeX file (size option)
)
\c@part=\count163
\c@section=\count164
\c@subsection=\count165
\c@subsubsection=\count166
\c@paragraph=\count167
\c@subparagraph=\count168
\c@figure=\count169
\c@table=\count170
\abovecaptionskip=\skip47
\belowcaptionskip=\skip48
\bibindent=\dimen134
)
("C:\Users\pr_fa\AppData\Local\Programs\MiKTeX 2.9\tex/latex/fontspec\fontspec.
sty"
("C:\Users\pr_fa\AppData\Local\Programs\MiKTeX 2.9\tex/latex/l3packages/xparse\
xparse.sty"
("C:\Users\pr_fa\AppData\Local\Programs\MiKTeX 2.9\tex/latex/l3kernel\expl3.sty
"
Package: expl3 2020-03-06 L3 programming layer (loader) 

("C:\Users\pr_fa\AppData\Local\Programs\MiKTeX 2.9\tex/latex/l3backend\l3backen
d-xdvipdfmx.def"
File: l3backend-xdvipdfmx.def 2020-03-12 L3 backend support: xdvipdfmx
\g__graphics_track_int=\count171
\l__pdf_internal_box=\box45
\g__pdf_backend_object_int=\count172
\g__pdf_backend_annotation_int=\count173
))
Package: xparse 2020-03-06 L3 Experimental document command parser
\l__xparse_current_arg_int=\count174
\g__xparse_grabber_int=\count175
\l__xparse_m_args_int=\count176
\l__xparse_v_nesting_int=\count177
)
Package: fontspec 2020/02/21 v2.7i Font selection for XeLaTeX and LuaLaTeX

("C:\Users\pr_fa\AppData\Local\Programs\MiKTeX 2.9\tex/latex/fontspec\fontspec-
xetex.sty"
Package: fontspec-xetex 2020/02/21 v2.7i Font selection for XeLaTeX and LuaLaTe
X
\l__fontspec_script_int=\count178
\l__fontspec_language_int=\count179
\l__fontspec_strnum_int=\count180
\l__fontspec_tmp_int=\count181
\l__fontspec_tmpa_int=\count182
\l__fontspec_tmpb_int=\count183
\l__fontspec_tmpc_int=\count184
\l__fontspec_em_int=\count185
\l__fontspec_emdef_int=\count186
\l__fontspec_strong_int=\count187
\l__fontspec_strongdef_int=\count188
\l__fontspec_tmpa_dim=\dimen135
\l__fontspec_tmpb_dim=\dimen136
\l__fontspec_tmpc_dim=\dimen137

("C:\Users\pr_fa\AppData\Local\Programs\MiKTeX 2.9\tex/latex/base\fontenc.sty"
Package: fontenc 2020/02/11 v2.0o Standard LaTeX package
)
("C:\Users\pr_fa\AppData\Local\Programs\MiKTeX 2.9\tex/latex/fontspec\fontspec.
cfg")))
("C:\Users\pr_fa\AppData\Local\Programs\MiKTeX 2.9\tex/latex/clearsans\ClearSan
s.sty"
Package: ClearSans 2019/10/16 (Bob Tennent) Supports Clear-Sans fonts for all L
aTeX engines.

("C:\Users\pr_fa\AppData\Local\Programs\MiKTeX 2.9\tex/generic/iftex\ifxetex.st
y"
Package: ifxetex 2019/10/25 v0.7 ifxetex legacy package. Use iftex instead.

("C:\Users\pr_fa\AppData\Local\Programs\MiKTeX 2.9\tex/generic/iftex\iftex.sty"
Package: iftex 2020/03/06 v1.0d TeX engine tests
))
("C:\Users\pr_fa\AppData\Local\Programs\MiKTeX 2.9\tex/generic/iftex\ifluatex.s
ty"
Package: ifluatex 2019/10/25 v1.5 ifluatex legacy package. Use iftex instead.
)
("C:\Users\pr_fa\AppData\Local\Programs\MiKTeX 2.9\tex/latex/xkeyval\xkeyval.st
y"
Package: xkeyval 2014/12/03 v2.7a package option processing (HA)

("C:\Users\pr_fa\AppData\Local\Programs\MiKTeX 2.9\tex/generic/xkeyval\xkeyval.
tex"
("C:\Users\pr_fa\AppData\Local\Programs\MiKTeX 2.9\tex/generic/xkeyval\xkvutils
.tex"
\XKV@toks=\toks15
\XKV@tempa@toks=\toks16

("C:\Users\pr_fa\AppData\Local\Programs\MiKTeX 2.9\tex/generic/xkeyval\keyval.t
ex"))
\XKV@depth=\count189
File: xkeyval.tex 2014/12/03 v2.7a key=value parser (HA)
))
("C:\Users\pr_fa\AppData\Local\Programs\MiKTeX 2.9\tex/latex/base\textcomp.sty"
Package: textcomp 2020/02/02 v2.0n Standard LaTeX package
)
Requested font "[ClearSans-Regular.ttf]/OT" at 9.99997pt
 -> C:/Users/pr_fa/AppData/Local/Programs/MiKTeX 2.9/fonts/truetype/intel/clear
sans/ClearSans-Regular.ttf
Requested font "[ClearSans-Regular.ttf]/OT" at 10.00003pt
 -> C:/Users/pr_fa/AppData/Local/Programs/MiKTeX 2.9/fonts/truetype/intel/clear
sans/ClearSans-Regular.ttf
Requested font "[ClearSans-Regular.ttf]/OT:script=latn;language=dflt;" at 10.00
003pt
 -> C:/Users/pr_fa/AppData/Local/Programs/MiKTeX 2.9/fonts/truetype/intel/clear
sans/ClearSans-Regular.ttf
Requested font "[ClearSans-Bold.ttf]/OT:script=latn;language=dflt;" at 10.00003
pt
 -> C:/Users/pr_fa/AppData/Local/Programs/MiKTeX 2.9/fonts/truetype/intel/clear
sans/ClearSans-Bold.ttf
Requested font "[ClearSans-Italic.ttf]/OT:script=latn;language=dflt;" at 10.000
03pt
 -> C:/Users/pr_fa/AppData/Local/Programs/MiKTeX 2.9/fonts/truetype/intel/clear
sans/ClearSans-Italic.ttf
Requested font "[ClearSans-BoldItalic.ttf]/OT:script=latn;language=dflt;" at 10
.00003pt
 -> C:/Users/pr_fa/AppData/Local/Programs/MiKTeX 2.9/fonts/truetype/intel/clear
sans/ClearSans-BoldItalic.ttf
Requested font "[ClearSans-Light.ttf]/OT" at 9.99997pt
 -> C:/Users/pr_fa/AppData/Local/Programs/MiKTeX 2.9/fonts/truetype/intel/clear
sans/ClearSans-Light.ttf
Requested font "[ClearSans-Light.ttf]/OT" at 10.00003pt
 -> C:/Users/pr_fa/AppData/Local/Programs/MiKTeX 2.9/fonts/truetype/intel/clear
sans/ClearSans-Light.ttf
Requested font "[ClearSans-Light.ttf]/OT:script=latn;language=dflt;" at 10.0000
3pt
 -> C:/Users/pr_fa/AppData/Local/Programs/MiKTeX 2.9/fonts/truetype/intel/clear
sans/ClearSans-Light.ttf
Requested font "[ClearSans-Thin.ttf]/OT" at 9.99997pt
 -> C:/Users/pr_fa/AppData/Local/Programs/MiKTeX 2.9/fonts/truetype/intel/clear
sans/ClearSans-Thin.ttf
Requested font "[ClearSans-Thin.ttf]/OT" at 10.00003pt
 -> C:/Users/pr_fa/AppData/Local/Programs/MiKTeX 2.9/fonts/truetype/intel/clear
sans/ClearSans-Thin.ttf
Requested font "[ClearSans-Thin.ttf]/OT:script=latn;language=dflt;" at 10.00003
pt
 -> C:/Users/pr_fa/AppData/Local/Programs/MiKTeX 2.9/fonts/truetype/intel/clear
sans/ClearSans-Thin.ttf
)
("C:\Users\pr_fa\AppData\Local\Programs\MiKTeX 2.9\tex/latex/pstricks\pstricks.
sty"
Package: pstricks 2018/12/21 v0.69 LaTeX wrapper for `PSTricks' (RN,HV)

("C:\Users\pr_fa\AppData\Local\Programs\MiKTeX 2.9\tex/latex/tools\shellesc.sty
"
Package: shellesc 2019/11/08 v1.0c unified shell escape interface for LaTeX
Package shellesc Info: Restricted shell escape enabled on input line 77.
)
("C:\Users\pr_fa\AppData\Local\Programs\MiKTeX 2.9\tex/latex/xcolor\xcolor.sty"
Package: xcolor 2016/05/11 v2.12 LaTeX color extensions (UK)

("C:\Users\pr_fa\AppData\Local\Programs\MiKTeX 2.9\tex/latex/graphics-cfg\color
.cfg"
File: color.cfg 2016/01/02 v1.6 sample color configuration
)
Package xcolor Info: Driver file: xetex.def on input line 225.

("C:\Users\pr_fa\AppData\Local\Programs\MiKTeX 2.9\tex/latex/graphics-def\xetex
.def"
File: xetex.def 2017/06/24 v5.0h Graphics/color driver for xetex
)
Package xcolor Info: Model `cmy' substituted by `cmy0' on input line 1348.
Package xcolor Info: Model `RGB' extended on input line 1364.
Package xcolor Info: Model `HTML' substituted by `rgb' on input line 1366.
Package xcolor Info: Model `Hsb' substituted by `hsb' on input line 1367.
Package xcolor Info: Model `tHsb' substituted by `hsb' on input line 1368.
Package xcolor Info: Model `HSB' substituted by `hsb' on input line 1369.
Package xcolor Info: Model `Gray' substituted by `gray' on input line 1370.
Package xcolor Info: Model `wave' substituted by `hsb' on input line 1371.
)
("C:\Users\pr_fa\AppData\Local\Programs\MiKTeX 2.9\tex/generic/xkeyval\pst-xkey
.tex"
File: pst-xkey.tex 2005/11/25 v1.6 PSTricks specialization of xkeyval (HA)
)
("C:\Users\pr_fa\AppData\Local\Programs\MiKTeX 2.9\tex/generic/pstricks\pstrick
s.tex"
("C:\Users\pr_fa\AppData\Local\Programs\MiKTeX 2.9\tex/generic/pstricks\pst-fp.
tex" `pst-fp' v0.05, 2010/01/17 (hv)
\pstFP@xs=\count190
\pstFP@xia=\count191
\pstFP@xib=\count192
\pstFP@xfa=\count193
\pstFP@xfb=\count194
\pstFP@rega=\count195
\pstFP@regb=\count196
\pstFP@regs=\count197
\pstFP@times=\count198
)
("C:\Users\pr_fa\AppData\Local\Programs\MiKTeX 2.9\tex/generic/pgf/utilities\pg
futil-common.tex"
\pgfutil@everybye=\toks17
\pgfutil@tempdima=\dimen138
\pgfutil@tempdimb=\dimen139

("C:\Users\pr_fa\AppData\Local\Programs\MiKTeX 2.9\tex/generic/pgf/utilities\pg
futil-common-lists.tex"))
("C:\Users\pr_fa\AppData\Local\Programs\MiKTeX 2.9\tex/generic/pgf/utilities\pg
fkeys.code.tex"
\pgfkeys@pathtoks=\toks18
\pgfkeys@temptoks=\toks19

("C:\Users\pr_fa\AppData\Local\Programs\MiKTeX 2.9\tex/generic/pgf/utilities\pg
fkeysfiltered.code.tex"
\pgfkeys@tmptoks=\toks20
))
("C:\Users\pr_fa\AppData\Local\Programs\MiKTeX 2.9\tex/generic/pgf/utilities\pg
ffor.code.tex"
Loading pgffor.code.tex

("C:\Users\pr_fa\AppData\Local\Programs\MiKTeX 2.9\tex/generic/pgf/math\pgfmath
.code.tex"
("C:\Users\pr_fa\AppData\Local\Programs\MiKTeX 2.9\tex/generic/pgf/math\pgfmath
calc.code.tex"
("C:\Users\pr_fa\AppData\Local\Programs\MiKTeX 2.9\tex/generic/pgf/math\pgfmath
util.code.tex"
\pgf@x=\dimen140
\pgf@xa=\dimen141
\pgf@xb=\dimen142
\pgf@xc=\dimen143
\pgf@y=\dimen144
\pgf@ya=\dimen145
\pgf@yb=\dimen146
\pgf@yc=\dimen147
\c@pgf@counta=\count199
\c@pgf@countb=\count266
\c@pgf@countc=\count267
\c@pgf@countd=\count268
\pgfutil@tempcnta=\count269
\pgfutil@tempcntb=\count270
)
("C:\Users\pr_fa\AppData\Local\Programs\MiKTeX 2.9\tex/generic/pgf/math\pgfmath
parser.code.tex"
\pgfmath@dimen=\dimen148
\pgfmath@count=\count271
\pgfmath@box=\box46
\pgfmath@toks=\toks21
\pgfmath@stack@operand=\toks22
\pgfmath@stack@operation=\toks23
)
("C:\Users\pr_fa\AppData\Local\Programs\MiKTeX 2.9\tex/generic/pgf/math\pgfmath
functions.code.tex"
("C:\Users\pr_fa\AppData\Local\Programs\MiKTeX 2.9\tex/generic/pgf/math\pgfmath
functions.basic.code.tex")
("C:\Users\pr_fa\AppData\Local\Programs\MiKTeX 2.9\tex/generic/pgf/math\pgfmath
functions.trigonometric.code.tex")
("C:\Users\pr_fa\AppData\Local\Programs\MiKTeX 2.9\tex/generic/pgf/math\pgfmath
functions.random.code.tex")
("C:\Users\pr_fa\AppData\Local\Programs\MiKTeX 2.9\tex/generic/pgf/math\pgfmath
functions.comparison.code.tex")
("C:\Users\pr_fa\AppData\Local\Programs\MiKTeX 2.9\tex/generic/pgf/math\pgfmath
functions.base.code.tex")
("C:\Users\pr_fa\AppData\Local\Programs\MiKTeX 2.9\tex/generic/pgf/math\pgfmath
functions.round.code.tex")
("C:\Users\pr_fa\AppData\Local\Programs\MiKTeX 2.9\tex/generic/pgf/math\pgfmath
functions.misc.code.tex")
("C:\Users\pr_fa\AppData\Local\Programs\MiKTeX 2.9\tex/generic/pgf/math\pgfmath
functions.integerarithmetics.code.tex")))
("C:\Users\pr_fa\AppData\Local\Programs\MiKTeX 2.9\tex/generic/pgf/math\pgfmath
float.code.tex"
\c@pgfmathroundto@lastzeros=\count272
))
\pgffor@iter=\dimen149
\pgffor@skip=\dimen150
\pgffor@stack=\toks24
\pgffor@toks=\toks25
)
\psLoopIndex=\count273

`PSTricks' v2.97  <2019/05/11> (tvz,hv)
\pst@dima=\dimen151
\pst@dimb=\dimen152
\pst@dimc=\dimen153
\pst@dimd=\dimen154
\pst@dimg=\dimen155
\pst@dimh=\dimen156
\pst@dimm=\dimen157
\pst@dimn=\dimen158
\pst@dimo=\dimen159
\pst@dimp=\dimen160
\pst@hbox=\box47
\pst@ibox=\box48
\pst@boxg=\box49
\pst@cnta=\count274
\pst@cntb=\count275
\pst@cntc=\count276
\pst@cntd=\count277
\pst@cntg=\count278
\pst@cnth=\count279
\pst@cntm=\count280
\pst@cntn=\count281
\pst@cnto=\count282
\pst@cntp=\count283
\@zero=\count284
\pst@toks=\toks26

("C:\Users\pr_fa\AppData\Local\Programs\MiKTeX 2.9\tex/xelatex/xetex-pstricks\p
stricks.con"
("C:\Users\pr_fa\AppData\Local\Programs\MiKTeX 2.9\tex/generic/pstricks\xdvipdf
mx.cfg"))
\psunit=\dimen161
\psxunit=\dimen162
\psyunit=\dimen163
\pst@C@@rType=\count285
\pslinewidth=\dimen164
\psk@startLW=\dimen165
\psk@endLW=\dimen166
\pst@customdefs=\toks27
\pslinearc=\dimen167
\pst@symbolStep=\dimen168
\pst@symbolWidth=\dimen169
\pst@symbolLinewidth=\dimen170
\everypsbox=\toks28
\psframesep=\dimen171
\pslabelsep=\dimen172
\sh@wgridXunit=\dimen173
\sh@wgridYunit=\dimen174
\pst@shift=\dimen175

("C:\Users\pr_fa\AppData\Local\Programs\MiKTeX 2.9\tex/xelatex/xetex-pstricks\p
stricks.con"
("C:\Users\pr_fa\AppData\Local\Programs\MiKTeX 2.9\tex/generic/pstricks\xdvipdf
mx.cfg"
Using PSTricks configuration for XeTeX+xdvipdfmx
)))
File: pstricks.tex 2019/05/11 v2.97 `PSTricks' (tvz,hv)

("C:\Users\pr_fa\AppData\Local\Programs\MiKTeX 2.9\tex/generic/pstricks\pst-fp.
tex")
File: pst-fp.tex 2019/05/11 v2.97 `PST-fp' (hv)

>>> Loading XeTeX special macros

("C:\Users\pr_fa\AppData\Local\Programs\MiKTeX 2.9\tex/generic/pstricks\pstrick
s-xetex.def"))
("C:\Users\pr_fa\AppData\Local\Programs\MiKTeX 2.9\tex/latex/fontawesome\fontaw
esome.sty"
Package: fontawesome 2016/05/15 v4.6.3.1 font awesome icons

("C:\Users\pr_fa\AppData\Local\Programs\MiKTeX 2.9\tex/latex/fontawesome\fontaw
esomesymbols-generic.tex")
Requested font "FontAwesome" at 9.99997pt
 -> C:/Users/pr_fa/AppData/Local/Programs/MiKTeX 2.9/fonts/opentype/public/font
awesome/FontAwesome.otf
Requested font "FontAwesome/OT" at 10.00003pt
 -> C:/Users/pr_fa/AppData/Local/Programs/MiKTeX 2.9/fonts/opentype/public/font
awesome/FontAwesome.otf
Requested font "FontAwesome/OT:language=dflt;" at 10.00002pt
 -> C:/Users/pr_fa/AppData/Local/Programs/MiKTeX 2.9/fonts/opentype/public/font
awesome/FontAwesome.otf
Requested font "FontAwesome/BI/OT:language=dflt;" at 10.00002pt
 -> C:/Users/pr_fa/AppData/Local/Programs/MiKTeX 2.9/fonts/opentype/public/font
awesome/FontAwesome.otf
Requested font "FontAwesome/B/OT:language=dflt;" at 10.00002pt
 -> C:/Users/pr_fa/AppData/Local/Programs/MiKTeX 2.9/fonts/opentype/public/font
awesome/FontAwesome.otf
Requested font "FontAwesome/I/OT:language=dflt;" at 10.00002pt
 -> C:/Users/pr_fa/AppData/Local/Programs/MiKTeX 2.9/fonts/opentype/public/font
awesome/FontAwesome.otf
Requested font "FontAwesome/OT:language=dflt;" at 10.00003pt
 -> C:/Users/pr_fa/AppData/Local/Programs/MiKTeX 2.9/fonts/opentype/public/font
awesome/FontAwesome.otf

("C:\Users\pr_fa\AppData\Local\Programs\MiKTeX 2.9\tex/latex/fontawesome\fontaw
esomesymbols-xeluatex.tex"))
("C:\Users\pr_fa\AppData\Local\Programs\MiKTeX 2.9\tex/latex/pgf/frontendlayer\
tikz.sty"
("C:\Users\pr_fa\AppData\Local\Programs\MiKTeX 2.9\tex/latex/pgf/basiclayer\pgf
.sty"
("C:\Users\pr_fa\AppData\Local\Programs\MiKTeX 2.9\tex/latex/pgf/utilities\pgfr
cs.sty"
("C:\Users\pr_fa\AppData\Local\Programs\MiKTeX 2.9\tex/generic/pgf/utilities\pg
futil-common.tex"
\pgfutil@everybye=\toks29
\pgfutil@tempdima=\dimen176
\pgfutil@tempdimb=\dimen177

("C:\Users\pr_fa\AppData\Local\Programs\MiKTeX 2.9\tex/generic/pgf/utilities\pg
futil-common-lists.tex"))
("C:\Users\pr_fa\AppData\Local\Programs\MiKTeX 2.9\tex/generic/pgf/utilities\pg
futil-latex.def"
\pgfutil@abb=\box50

("C:\Users\pr_fa\AppData\Local\Programs\MiKTeX 2.9\tex/latex/ms\everyshi.sty"
Package: everyshi 2001/05/15 v3.00 EveryShipout Package (MS)
))
("C:\Users\pr_fa\AppData\Local\Programs\MiKTeX 2.9\tex/generic/pgf/utilities\pg
frcs.code.tex"
("C:\Users\pr_fa\AppData\Local\Programs\MiKTeX 2.9\tex/generic/pgf\pgf.revision
.tex")
Package: pgfrcs 2020/01/08 v3.1.5b (3.1.5b)
))
Package: pgf 2020/01/08 v3.1.5b (3.1.5b)

("C:\Users\pr_fa\AppData\Local\Programs\MiKTeX 2.9\tex/latex/pgf/basiclayer\pgf
core.sty"
("C:\Users\pr_fa\AppData\Local\Programs\MiKTeX 2.9\tex/latex/graphics\graphicx.
sty"
Package: graphicx 2019/11/30 v1.2a Enhanced LaTeX Graphics (DPC,SPQR)

("C:\Users\pr_fa\AppData\Local\Programs\MiKTeX 2.9\tex/latex/graphics\graphics.
sty"
Package: graphics 2019/11/30 v1.4a Standard LaTeX Graphics (DPC,SPQR)

("C:\Users\pr_fa\AppData\Local\Programs\MiKTeX 2.9\tex/latex/graphics\trig.sty"
Package: trig 2016/01/03 v1.10 sin cos tan (DPC)
)
("C:\Users\pr_fa\AppData\Local\Programs\MiKTeX 2.9\tex/latex/graphics-cfg\graph
ics.cfg"
File: graphics.cfg 2016/06/04 v1.11 sample graphics configuration
)
Package graphics Info: Driver file: xetex.def on input line 105.
)
\Gin@req@height=\dimen178
\Gin@req@width=\dimen179
)
("C:\Users\pr_fa\AppData\Local\Programs\MiKTeX 2.9\tex/latex/pgf/systemlayer\pg
fsys.sty"
("C:\Users\pr_fa\AppData\Local\Programs\MiKTeX 2.9\tex/generic/pgf/systemlayer\
pgfsys.code.tex"
Package: pgfsys 2020/01/08 v3.1.5b (3.1.5b)

("C:\Users\pr_fa\AppData\Local\Programs\MiKTeX 2.9\tex/generic/pgf/utilities\pg
fkeys.code.tex")
\pgf@x=\dimen180
\pgf@y=\dimen181
\pgf@xa=\dimen182
\pgf@ya=\dimen183
\pgf@xb=\dimen184
\pgf@yb=\dimen185
\pgf@xc=\dimen186
\pgf@yc=\dimen187
\pgf@xd=\dimen188
\pgf@yd=\dimen189
\w@pgf@writea=\write3
\r@pgf@reada=\read2
\c@pgf@counta=\count286
\c@pgf@countb=\count287
\c@pgf@countc=\count288
\c@pgf@countd=\count289
\t@pgf@toka=\toks30
\t@pgf@tokb=\toks31
\t@pgf@tokc=\toks32
\pgf@sys@id@count=\count290

("C:\Users\pr_fa\AppData\Local\Programs\MiKTeX 2.9\tex/generic/pgf/systemlayer\
pgf.cfg"
File: pgf.cfg 2020/01/08 v3.1.5b (3.1.5b)
)
Driver file for pgf: pgfsys-xetex.def

("C:\Users\pr_fa\AppData\Local\Programs\MiKTeX 2.9\tex/generic/pgf/systemlayer\
pgfsys-xetex.def"
File: pgfsys-xetex.def 2020/01/08 v3.1.5b (3.1.5b)

("C:\Users\pr_fa\AppData\Local\Programs\MiKTeX 2.9\tex/generic/pgf/systemlayer\
pgfsys-dvipdfmx.def"
File: pgfsys-dvipdfmx.def 2020/01/08 v3.1.5b (3.1.5b)

("C:\Users\pr_fa\AppData\Local\Programs\MiKTeX 2.9\tex/generic/pgf/systemlayer\
pgfsys-common-pdf.def"
File: pgfsys-common-pdf.def 2020/01/08 v3.1.5b (3.1.5b)
)
\pgfsys@objnum=\count291
)))
("C:\Users\pr_fa\AppData\Local\Programs\MiKTeX 2.9\tex/generic/pgf/systemlayer\
pgfsyssoftpath.code.tex"
File: pgfsyssoftpath.code.tex 2020/01/08 v3.1.5b (3.1.5b)
\pgfsyssoftpath@smallbuffer@items=\count292
\pgfsyssoftpath@bigbuffer@items=\count293
)
("C:\Users\pr_fa\AppData\Local\Programs\MiKTeX 2.9\tex/generic/pgf/systemlayer\
pgfsysprotocol.code.tex"
File: pgfsysprotocol.code.tex 2020/01/08 v3.1.5b (3.1.5b)
))
("C:\Users\pr_fa\AppData\Local\Programs\MiKTeX 2.9\tex/generic/pgf/basiclayer\p
gfcore.code.tex"
Package: pgfcore 2020/01/08 v3.1.5b (3.1.5b)

("C:\Users\pr_fa\AppData\Local\Programs\MiKTeX 2.9\tex/generic/pgf/math\pgfmath
.code.tex")
("C:\Users\pr_fa\AppData\Local\Programs\MiKTeX 2.9\tex/generic/pgf/math\pgfint.
code.tex")
("C:\Users\pr_fa\AppData\Local\Programs\MiKTeX 2.9\tex/generic/pgf/basiclayer\p
gfcorepoints.code.tex"
File: pgfcorepoints.code.tex 2020/01/08 v3.1.5b (3.1.5b)
\pgf@picminx=\dimen190
\pgf@picmaxx=\dimen191
\pgf@picminy=\dimen192
\pgf@picmaxy=\dimen193
\pgf@pathminx=\dimen194
\pgf@pathmaxx=\dimen195
\pgf@pathminy=\dimen196
\pgf@pathmaxy=\dimen197
\pgf@xx=\dimen198
\pgf@xy=\dimen199
\pgf@yx=\dimen256
\pgf@yy=\dimen257
\pgf@zx=\dimen258
\pgf@zy=\dimen259
)
("C:\Users\pr_fa\AppData\Local\Programs\MiKTeX 2.9\tex/generic/pgf/basiclayer\p
gfcorepathconstruct.code.tex"
File: pgfcorepathconstruct.code.tex 2020/01/08 v3.1.5b (3.1.5b)
\pgf@path@lastx=\dimen260
\pgf@path@lasty=\dimen261
)
("C:\Users\pr_fa\AppData\Local\Programs\MiKTeX 2.9\tex/generic/pgf/basiclayer\p
gfcorepathusage.code.tex"
File: pgfcorepathusage.code.tex 2020/01/08 v3.1.5b (3.1.5b)
\pgf@shorten@end@additional=\dimen262
\pgf@shorten@start@additional=\dimen263
)
("C:\Users\pr_fa\AppData\Local\Programs\MiKTeX 2.9\tex/generic/pgf/basiclayer\p
gfcorescopes.code.tex"
File: pgfcorescopes.code.tex 2020/01/08 v3.1.5b (3.1.5b)
\pgfpic=\box51
\pgf@hbox=\box52
\pgf@layerbox@main=\box53
\pgf@picture@serial@count=\count294
)
("C:\Users\pr_fa\AppData\Local\Programs\MiKTeX 2.9\tex/generic/pgf/basiclayer\p
gfcoregraphicstate.code.tex"
File: pgfcoregraphicstate.code.tex 2020/01/08 v3.1.5b (3.1.5b)
\pgflinewidth=\dimen264
)
("C:\Users\pr_fa\AppData\Local\Programs\MiKTeX 2.9\tex/generic/pgf/basiclayer\p
gfcoretransformations.code.tex"
File: pgfcoretransformations.code.tex 2020/01/08 v3.1.5b (3.1.5b)
\pgf@pt@x=\dimen265
\pgf@pt@y=\dimen266
\pgf@pt@temp=\dimen267
)
("C:\Users\pr_fa\AppData\Local\Programs\MiKTeX 2.9\tex/generic/pgf/basiclayer\p
gfcorequick.code.tex"
File: pgfcorequick.code.tex 2020/01/08 v3.1.5b (3.1.5b)
)
("C:\Users\pr_fa\AppData\Local\Programs\MiKTeX 2.9\tex/generic/pgf/basiclayer\p
gfcoreobjects.code.tex"
File: pgfcoreobjects.code.tex 2020/01/08 v3.1.5b (3.1.5b)
)
("C:\Users\pr_fa\AppData\Local\Programs\MiKTeX 2.9\tex/generic/pgf/basiclayer\p
gfcorepathprocessing.code.tex"
File: pgfcorepathprocessing.code.tex 2020/01/08 v3.1.5b (3.1.5b)
)
("C:\Users\pr_fa\AppData\Local\Programs\MiKTeX 2.9\tex/generic/pgf/basiclayer\p
gfcorearrows.code.tex"
File: pgfcorearrows.code.tex 2020/01/08 v3.1.5b (3.1.5b)
\pgfarrowsep=\dimen268
)
("C:\Users\pr_fa\AppData\Local\Programs\MiKTeX 2.9\tex/generic/pgf/basiclayer\p
gfcoreshade.code.tex"
File: pgfcoreshade.code.tex 2020/01/08 v3.1.5b (3.1.5b)
\pgf@max=\dimen269
\pgf@sys@shading@range@num=\count295
\pgf@shadingcount=\count296
)
("C:\Users\pr_fa\AppData\Local\Programs\MiKTeX 2.9\tex/generic/pgf/basiclayer\p
gfcoreimage.code.tex"
File: pgfcoreimage.code.tex 2020/01/08 v3.1.5b (3.1.5b)

("C:\Users\pr_fa\AppData\Local\Programs\MiKTeX 2.9\tex/generic/pgf/basiclayer\p
gfcoreexternal.code.tex"
File: pgfcoreexternal.code.tex 2020/01/08 v3.1.5b (3.1.5b)
\pgfexternal@startupbox=\box54
))
("C:\Users\pr_fa\AppData\Local\Programs\MiKTeX 2.9\tex/generic/pgf/basiclayer\p
gfcorelayers.code.tex"
File: pgfcorelayers.code.tex 2020/01/08 v3.1.5b (3.1.5b)
)
("C:\Users\pr_fa\AppData\Local\Programs\MiKTeX 2.9\tex/generic/pgf/basiclayer\p
gfcoretransparency.code.tex"
File: pgfcoretransparency.code.tex 2020/01/08 v3.1.5b (3.1.5b)
)
("C:\Users\pr_fa\AppData\Local\Programs\MiKTeX 2.9\tex/generic/pgf/basiclayer\p
gfcorepatterns.code.tex"
File: pgfcorepatterns.code.tex 2020/01/08 v3.1.5b (3.1.5b)
)
("C:\Users\pr_fa\AppData\Local\Programs\MiKTeX 2.9\tex/generic/pgf/basiclayer\p
gfcorerdf.code.tex"
File: pgfcorerdf.code.tex 2020/01/08 v3.1.5b (3.1.5b)
)))
("C:\Users\pr_fa\AppData\Local\Programs\MiKTeX 2.9\tex/generic/pgf/modules\pgfm
oduleshapes.code.tex"
File: pgfmoduleshapes.code.tex 2020/01/08 v3.1.5b (3.1.5b)
\pgfnodeparttextbox=\box55
)
("C:\Users\pr_fa\AppData\Local\Programs\MiKTeX 2.9\tex/generic/pgf/modules\pgfm
oduleplot.code.tex"
File: pgfmoduleplot.code.tex 2020/01/08 v3.1.5b (3.1.5b)
)
("C:\Users\pr_fa\AppData\Local\Programs\MiKTeX 2.9\tex/latex/pgf/compatibility\
pgfcomp-version-0-65.sty"
Package: pgfcomp-version-0-65 2020/01/08 v3.1.5b (3.1.5b)
\pgf@nodesepstart=\dimen270
\pgf@nodesepend=\dimen271
)
("C:\Users\pr_fa\AppData\Local\Programs\MiKTeX 2.9\tex/latex/pgf/compatibility\
pgfcomp-version-1-18.sty"
Package: pgfcomp-version-1-18 2020/01/08 v3.1.5b (3.1.5b)
))
("C:\Users\pr_fa\AppData\Local\Programs\MiKTeX 2.9\tex/latex/pgf/utilities\pgff
or.sty"
("C:\Users\pr_fa\AppData\Local\Programs\MiKTeX 2.9\tex/latex/pgf/utilities\pgfk
eys.sty"
("C:\Users\pr_fa\AppData\Local\Programs\MiKTeX 2.9\tex/generic/pgf/utilities\pg
fkeys.code.tex"))
("C:\Users\pr_fa\AppData\Local\Programs\MiKTeX 2.9\tex/latex/pgf/math\pgfmath.s
ty"
("C:\Users\pr_fa\AppData\Local\Programs\MiKTeX 2.9\tex/generic/pgf/math\pgfmath
.code.tex"))
("C:\Users\pr_fa\AppData\Local\Programs\MiKTeX 2.9\tex/generic/pgf/utilities\pg
ffor.code.tex"
Package: pgffor 2020/01/08 v3.1.5b (3.1.5b)

("C:\Users\pr_fa\AppData\Local\Programs\MiKTeX 2.9\tex/generic/pgf/math\pgfmath
.code.tex")
\pgffor@iter=\dimen272
\pgffor@skip=\dimen273
\pgffor@stack=\toks33
\pgffor@toks=\toks34
))
("C:\Users\pr_fa\AppData\Local\Programs\MiKTeX 2.9\tex/generic/pgf/frontendlaye
r/tikz\tikz.code.tex"
Package: tikz 2020/01/08 v3.1.5b (3.1.5b)

("C:\Users\pr_fa\AppData\Local\Programs\MiKTeX 2.9\tex/generic/pgf/libraries\pg
flibraryplothandlers.code.tex"
File: pgflibraryplothandlers.code.tex 2020/01/08 v3.1.5b (3.1.5b)
\pgf@plot@mark@count=\count297
\pgfplotmarksize=\dimen274
)
\tikz@lastx=\dimen275
\tikz@lasty=\dimen276
\tikz@lastxsaved=\dimen277
\tikz@lastysaved=\dimen278
\tikz@lastmovetox=\dimen279
\tikz@lastmovetoy=\dimen280
\tikzleveldistance=\dimen281
\tikzsiblingdistance=\dimen282
\tikz@figbox=\box56
\tikz@figbox@bg=\box57
\tikz@tempbox=\box58
\tikz@tempbox@bg=\box59
\tikztreelevel=\count298
\tikznumberofchildren=\count299
\tikznumberofcurrentchild=\count300
\tikz@fig@count=\count301

("C:\Users\pr_fa\AppData\Local\Programs\MiKTeX 2.9\tex/generic/pgf/modules\pgfm
odulematrix.code.tex"
File: pgfmodulematrix.code.tex 2020/01/08 v3.1.5b (3.1.5b)
\pgfmatrixcurrentrow=\count302
\pgfmatrixcurrentcolumn=\count303
\pgf@matrix@numberofcolumns=\count304
)
\tikz@expandcount=\count305

("C:\Users\pr_fa\AppData\Local\Programs\MiKTeX 2.9\tex/generic/pgf/frontendlaye
r/tikz/libraries\tikzlibrarytopaths.code.tex"
File: tikzlibrarytopaths.code.tex 2020/01/08 v3.1.5b (3.1.5b)
)))
("C:\Users\pr_fa\AppData\Local\Programs\MiKTeX 2.9\tex/latex/textpos\textpos.st
y"
Package: textpos 2019/04/15 v1.9.1

Package: textpos 2019/04/15 1.9.1, absolute positioning of text on the page
\TP@textbox=\box60
\TP@holdbox=\box61
\TPHorizModule=\dimen283
\TPVertModule=\dimen284
\TP@margin=\dimen285
\TP@absmargin=\dimen286
Grid set 16 x 16 = 38.39343pt x 49.68562pt
\TPboxrulesize=\dimen287
\TP@ox=\dimen288
\TP@oy=\dimen289
\TP@tbargs=\toks35
\TP@prevdepth=\dimen290
TextBlockOrigin set to 0pt x 0pt
)
("C:\Users\pr_fa\AppData\Local\Programs\MiKTeX 2.9\tex/latex/ragged2e\ragged2e.
sty"
Package: ragged2e 2019/07/28 v2.2 ragged2e Package (MS)

("C:\Users\pr_fa\AppData\Local\Programs\MiKTeX 2.9\tex/latex/ms\everysel.sty"
Package: everysel 2011/10/28 v1.2 EverySelectfont Package (MS)
)
\CenteringLeftskip=\skip49
\RaggedLeftLeftskip=\skip50
\RaggedRightLeftskip=\skip51
\CenteringRightskip=\skip52
\RaggedLeftRightskip=\skip53
\RaggedRightRightskip=\skip54
\CenteringParfillskip=\skip55
\RaggedLeftParfillskip=\skip56
\RaggedRightParfillskip=\skip57
\JustifyingParfillskip=\skip58
\CenteringParindent=\skip59
\RaggedLeftParindent=\skip60
\RaggedRightParindent=\skip61
\JustifyingParindent=\skip62
)
("C:\Users\pr_fa\AppData\Local\Programs\MiKTeX 2.9\tex/latex/etoolbox\etoolbox.
sty"
Package: etoolbox 2019/09/21 v2.5h e-TeX tools for LaTeX (JAW)
\etb@tempcnta=\count306
)
("C:\Users\pr_fa\AppData\Local\Programs\MiKTeX 2.9\tex/latex/ifmtarg\ifmtarg.st
y"
Package: ifmtarg 2018/04/16 v1.2b check for an empty argument
) ("C:\Users\pr_fa\AppData\Local\Programs\MiKTeX 2.9\tex/latex/base\ifthen.sty"
Package: ifthen 2014/09/29 v1.1c Standard LaTeX ifthen package (DPC)
)
("C:\Users\pr_fa\AppData\Local\Programs\MiKTeX 2.9\tex/latex/marvosym\marvosym.
sty"
Package: marvosym 2011/07/20 v2.2 Martin Vogel's Symbols font definitions
)
("C:\Users\pr_fa\AppData\Local\Programs\MiKTeX 2.9\tex/latex/parskip\parskip.st
y"
Package: parskip 2020-01-22 v2.0d non-zero parskip adjustments

("C:\Users\pr_fa\AppData\Local\Programs\MiKTeX 2.9\tex/latex/kvoptions\kvoption
s.sty"
Package: kvoptions 2019/11/29 v3.13 Key value format for package options (HO)

("C:\Users\pr_fa\AppData\Local\Programs\MiKTeX 2.9\tex/generic/ltxcmds\ltxcmds.
sty"
Package: ltxcmds 2019/12/15 v1.24 LaTeX kernel commands for general use (HO)
)
("C:\Users\pr_fa\AppData\Local\Programs\MiKTeX 2.9\tex/generic/kvsetkeys\kvsetk
eys.sty"
Package: kvsetkeys 2019/12/15 v1.18 Key value parser (HO)
)))
("C:\Users\pr_fa\AppData\Local\Programs\MiKTeX 2.9\tex/latex/enumitem\enumitem.
sty"
Package: enumitem 2019/06/20 v3.9 Customized lists
\enitkv@toks@=\toks36
\labelindent=\skip63
\enit@outerparindent=\dimen291
\enit@toks=\toks37
\enit@inbox=\box62
\enit@count@id=\count307
\enitdp@description=\count308
)
("C:\Users\pr_fa\AppData\Local\Programs\MiKTeX 2.9\tex/latex/hyperref\hyperref.
sty"
Package: hyperref 2020/01/14 v7.00d Hypertext links for LaTeX

("C:\Users\pr_fa\AppData\Local\Programs\MiKTeX 2.9\tex/latex/pdftexcmds\pdftexc
mds.sty"
Package: pdftexcmds 2019/11/24 v0.31 Utility functions of pdfTeX for LuaTeX (HO
)

("C:\Users\pr_fa\AppData\Local\Programs\MiKTeX 2.9\tex/generic/infwarerr\infwar
err.sty"
Package: infwarerr 2019/12/03 v1.5 Providing info/warning/error messages (HO)
)
Package pdftexcmds Info: \pdf@primitive is available.
Package pdftexcmds Info: \pdf@ifprimitive is available.
Package pdftexcmds Info: \pdfdraftmode not found.
)
("C:\Users\pr_fa\AppData\Local\Programs\MiKTeX 2.9\tex/generic/kvdefinekeys\kvd
efinekeys.sty"
Package: kvdefinekeys 2019-12-19 v1.6 Define keys (HO)
)
("C:\Users\pr_fa\AppData\Local\Programs\MiKTeX 2.9\tex/generic/pdfescape\pdfesc
ape.sty"
Package: pdfescape 2019/12/09 v1.15 Implements pdfTeX's escape features (HO)
)
("C:\Users\pr_fa\AppData\Local\Programs\MiKTeX 2.9\tex/latex/hycolor\hycolor.st
y"
Package: hycolor 2020-01-27 v1.10 Color options for hyperref/bookmark (HO)
)
("C:\Users\pr_fa\AppData\Local\Programs\MiKTeX 2.9\tex/latex/letltxmacro\letltx
macro.sty"
Package: letltxmacro 2019/12/03 v1.6 Let assignment for LaTeX macros (HO)
)
("C:\Users\pr_fa\AppData\Local\Programs\MiKTeX 2.9\tex/latex/auxhook\auxhook.st
y"
Package: auxhook 2019-12-17 v1.6 Hooks for auxiliary files (HO)
)
\@linkdim=\dimen292
\Hy@linkcounter=\count309
\Hy@pagecounter=\count310

("C:\Users\pr_fa\AppData\Local\Programs\MiKTeX 2.9\tex/latex/hyperref\pd1enc.de
f"
File: pd1enc.def 2020/01/14 v7.00d Hyperref: PDFDocEncoding definition (HO)
)
("C:\Users\pr_fa\AppData\Local\Programs\MiKTeX 2.9\tex/generic/intcalc\intcalc.
sty"
Package: intcalc 2019/12/15 v1.3 Expandable calculations with integers (HO)
)
("C:\Users\pr_fa\AppData\Local\Programs\MiKTeX 2.9\tex/generic/etexcmds\etexcmd
s.sty"
Package: etexcmds 2019/12/15 v1.7 Avoid name clashes with e-TeX commands (HO)
)
\Hy@SavedSpaceFactor=\count311
Package hyperref Info: Hyper figures OFF on input line 4547.
Package hyperref Info: Link nesting OFF on input line 4552.
Package hyperref Info: Hyper index ON on input line 4555.
Package hyperref Info: Plain pages OFF on input line 4562.
Package hyperref Info: Backreferencing OFF on input line 4567.
Package hyperref Info: Implicit mode ON; LaTeX internals redefined.
Package hyperref Info: Bookmarks ON on input line 4800.
\c@Hy@tempcnt=\count312
 ("C:\Users\pr_fa\AppData\Local\Programs\MiKTeX 2.9\tex/latex/url\url.sty"
\Urlmuskip=\muskip16
Package: url 2013/09/16  ver 3.4  Verb mode for urls, etc.
)
LaTeX Info: Redefining \url on input line 5159.
\XeTeXLinkMargin=\dimen293
Requested font "pzdr" at 0.00002pt

("C:\Users\pr_fa\AppData\Local\Programs\MiKTeX 2.9\tex/generic/bitset\bitset.st
y"
Package: bitset 2019/12/09 v1.3 Handle bit-vector datatype (HO)

("C:\Users\pr_fa\AppData\Local\Programs\MiKTeX 2.9\tex/generic/bigintcalc\bigin
tcalc.sty"
Package: bigintcalc 2019/12/15 v1.5 Expandable calculations on big integers (HO
)
))
\Fld@menulength=\count313
\Field@Width=\dimen294
\Fld@charsize=\dimen295
Package hyperref Info: Hyper figures OFF on input line 6430.
Package hyperref Info: Link nesting OFF on input line 6435.
Package hyperref Info: Hyper index ON on input line 6438.
Package hyperref Info: backreferencing OFF on input line 6445.
Package hyperref Info: Link coloring OFF on input line 6450.
Package hyperref Info: Link coloring with OCG OFF on input line 6455.
Package hyperref Info: PDF/A mode OFF on input line 6460.
LaTeX Info: Redefining \ref on input line 6500.
LaTeX Info: Redefining \pageref on input line 6504.

("C:\Users\pr_fa\AppData\Local\Programs\MiKTeX 2.9\tex/generic/atbegshi\atbegsh
i.sty"
Package: atbegshi 2019/12/05 v1.19 At begin shipout hook (HO)
)
\Hy@abspage=\count314
\c@Item=\count315
\c@Hfootnote=\count316
)
Package hyperref Info: Driver (autodetected): hxetex.

("C:\Users\pr_fa\AppData\Local\Programs\MiKTeX 2.9\tex/latex/hyperref\hxetex.de
f"
File: hxetex.def 2020/01/14 v7.00d Hyperref driver for XeTeX

("C:\Users\pr_fa\AppData\Local\Programs\MiKTeX 2.9\tex/latex/hyperref\puenc.def
"
File: puenc.def 2020/01/14 v7.00d Hyperref: PDF Unicode definition (HO)
)
("C:\Users\pr_fa\AppData\Local\Programs\MiKTeX 2.9\tex/generic/stringenc\string
enc.sty"
Package: stringenc 2019/11/29 v1.12 Convert strings between diff. encodings (HO
)
)
\pdfm@box=\box63
\c@Hy@AnnotLevel=\count317
\HyField@AnnotCount=\count318
\Fld@listcount=\count319
\c@bookmark@seq@number=\count320

("C:\Users\pr_fa\AppData\Local\Programs\MiKTeX 2.9\tex/latex/rerunfilecheck\rer
unfilecheck.sty"
Package: rerunfilecheck 2019/12/05 v1.9 Rerun checks for auxiliary files (HO)

("C:\Users\pr_fa\AppData\Local\Programs\MiKTeX 2.9\tex/latex/atveryend\atveryen
d.sty"
Package: atveryend 2019-12-11 v1.11 Hooks at the very end of document (HO)
)
("C:\Users\pr_fa\AppData\Local\Programs\MiKTeX 2.9\tex/generic/uniquecounter\un
iquecounter.sty"
Package: uniquecounter 2019/12/15 v1.4 Provide unlimited unique counter (HO)
)
Package uniquecounter Info: New unique counter `rerunfilecheck' on input line 2
86.
)
\Hy@SectionHShift=\skip64
)
("C:\Users\pr_fa\AppData\Local\Programs\MiKTeX 2.9\tex/generic/stringenc\se-asc
ii-print.def"
File: se-ascii-print.def 2019/11/29 v1.12 stringenc: Printable ASCII characters

)
Package hyperref Info: Option `colorlinks' set `false' on input line 39.
Requested font "[fonts/segoeuib.ttf]/OT" at 9.99997pt
 -> ./fonts/segoeuib.ttf
Requested font "[fonts/segoeuib.ttf]/OT" at 10.00003pt
 -> ./fonts/segoeuib.ttf
Requested font "[fonts/segoeuib.ttf]/OT:script=latn;language=dflt;" at 10.00003
pt
 -> ./fonts/segoeuib.ttf
\imagewidth=\skip65
\imagescale=\skip66

("C:\Users\pr_fa\AppData\Local\Programs\MiKTeX 2.9\tex/latex/geometry\geometry.
sty"
Package: geometry 2020/01/02 v5.9 Page Geometry

("C:\Users\pr_fa\AppData\Local\Programs\MiKTeX 2.9\tex/generic/iftex\ifvtex.sty
"
Package: ifvtex 2019/10/25 v1.7 ifvtex legacy package. Use iftex instead.
)
\Gm@cnth=\count321
\Gm@cntv=\count322
\c@Gm@tempcnt=\count323
\Gm@bindingoffset=\dimen296
\Gm@wd@mp=\dimen297
\Gm@odd@mp=\dimen298
\Gm@even@mp=\dimen299
\Gm@layoutwidth=\dimen300
\Gm@layoutheight=\dimen301
\Gm@layouthoffset=\dimen302
\Gm@layoutvoffset=\dimen303
\Gm@dimlist=\toks38

("C:\Users\pr_fa\AppData\Local\Programs\MiKTeX 2.9\tex/xelatex/xetexconfig\geom
etry.cfg"))
("C:\Users\pr_fa\AppData\Local\Programs\MiKTeX 2.9\tex/latex/smartdiagram\smart
diagram.sty"
Package: smartdiagram 2016/12/23 v0.3b Automatic creation of smart diagrams fro
m lists of items.

("C:\Users\pr_fa\AppData\Local\Programs\MiKTeX 2.9\tex/latex/xstring\xstring.st
y"
("C:\Users\pr_fa\AppData\Local\Programs\MiKTeX 2.9\tex/generic/xstring\xstring.
tex"
\integerpart=\count324
Invalid UTF-8 byte or sequence at line 35 replaced by U+FFFD.
\decimalpart=\count325
Invalid UTF-8 byte or sequence at line 79 replaced by U+FFFD.
Invalid UTF-8 byte or sequence at line 79 replaced by U+FFFD.
Invalid UTF-8 byte or sequence at line 83 replaced by U+FFFD.
Invalid UTF-8 byte or sequence at line 86 replaced by U+FFFD.
Invalid UTF-8 byte or sequence at line 102 replaced by U+FFFD.
Invalid UTF-8 byte or sequence at line 114 replaced by U+FFFD.
Invalid UTF-8 byte or sequence at line 120 replaced by U+FFFD.
Invalid UTF-8 byte or sequence at line 125 replaced by U+FFFD.
Invalid UTF-8 byte or sequence at line 147 replaced by U+FFFD.
Invalid UTF-8 byte or sequence at line 147 replaced by U+FFFD.
Invalid UTF-8 byte or sequence at line 147 replaced by U+FFFD.
Invalid UTF-8 byte or sequence at line 182 replaced by U+FFFD.
Invalid UTF-8 byte or sequence at line 182 replaced by U+FFFD.
Invalid UTF-8 byte or sequence at line 182 replaced by U+FFFD.
Invalid UTF-8 byte or sequence at line 183 replaced by U+FFFD.
Invalid UTF-8 byte or sequence at line 184 replaced by U+FFFD.
Invalid UTF-8 byte or sequence at line 185 replaced by U+FFFD.
Invalid UTF-8 byte or sequence at line 185 replaced by U+FFFD.
Invalid UTF-8 byte or sequence at line 185 replaced by U+FFFD.
Invalid UTF-8 byte or sequence at line 189 replaced by U+FFFD.
Invalid UTF-8 byte or sequence at line 189 replaced by U+FFFD.
Invalid UTF-8 byte or sequence at line 190 replaced by U+FFFD.
Invalid UTF-8 byte or sequence at line 190 replaced by U+FFFD.
Invalid UTF-8 byte or sequence at line 193 replaced by U+FFFD.
Invalid UTF-8 byte or sequence at line 208 replaced by U+FFFD.
Invalid UTF-8 byte or sequence at line 208 replaced by U+FFFD.
Invalid UTF-8 byte or sequence at line 208 replaced by U+FFFD.
Invalid UTF-8 byte or sequence at line 208 replaced by U+FFFD.
Invalid UTF-8 byte or sequence at line 208 replaced by U+FFFD.
Invalid UTF-8 byte or sequence at line 208 replaced by U+FFFD.
Invalid UTF-8 byte or sequence at line 221 replaced by U+FFFD.
Invalid UTF-8 byte or sequence at line 221 replaced by U+FFFD.
Invalid UTF-8 byte or sequence at line 241 replaced by U+FFFD.
Invalid UTF-8 byte or sequence at line 241 replaced by U+FFFD.
Invalid UTF-8 byte or sequence at line 241 replaced by U+FFFD.
Invalid UTF-8 byte or sequence at line 241 replaced by U+FFFD.
Invalid UTF-8 byte or sequence at line 266 replaced by U+FFFD.
Invalid UTF-8 byte or sequence at line 284 replaced by U+FFFD.
Invalid UTF-8 byte or sequence at line 295 replaced by U+FFFD.
Invalid UTF-8 byte or sequence at line 300 replaced by U+FFFD.
Invalid UTF-8 byte or sequence at line 300 replaced by U+FFFD.
Invalid UTF-8 byte or sequence at line 301 replaced by U+FFFD.
Invalid UTF-8 byte or sequence at line 301 replaced by U+FFFD.
Invalid UTF-8 byte or sequence at line 301 replaced by U+FFFD.
Invalid UTF-8 byte or sequence at line 302 replaced by U+FFFD.
Invalid UTF-8 byte or sequence at line 303 replaced by U+FFFD.
Invalid UTF-8 byte or sequence at line 332 replaced by U+FFFD.
Invalid UTF-8 byte or sequence at line 332 replaced by U+FFFD.
Invalid UTF-8 byte or sequence at line 332 replaced by U+FFFD.
Invalid UTF-8 byte or sequence at line 332 replaced by U+FFFD.
Invalid UTF-8 byte or sequence at line 333 replaced by U+FFFD.
Invalid UTF-8 byte or sequence at line 334 replaced by U+FFFD.
Invalid UTF-8 byte or sequence at line 334 replaced by U+FFFD.
Invalid UTF-8 byte or sequence at line 334 replaced by U+FFFD.
Invalid UTF-8 byte or sequence at line 406 replaced by U+FFFD.
Invalid UTF-8 byte or sequence at line 406 replaced by U+FFFD.
Invalid UTF-8 byte or sequence at line 409 replaced by U+FFFD.
Invalid UTF-8 byte or sequence at line 410 replaced by U+FFFD.
Invalid UTF-8 byte or sequence at line 428 replaced by U+FFFD.
Invalid UTF-8 byte or sequence at line 434 replaced by U+FFFD.
Invalid UTF-8 byte or sequence at line 457 replaced by U+FFFD.
Invalid UTF-8 byte or sequence at line 457 replaced by U+FFFD.
Invalid UTF-8 byte or sequence at line 464 replaced by U+FFFD.
Invalid UTF-8 byte or sequence at line 464 replaced by U+FFFD.
Invalid UTF-8 byte or sequence at line 466 replaced by U+FFFD.
Invalid UTF-8 byte or sequence at line 466 replaced by U+FFFD.
Invalid UTF-8 byte or sequence at line 541 replaced by U+FFFD.
Invalid UTF-8 byte or sequence at line 541 replaced by U+FFFD.
Invalid UTF-8 byte or sequence at line 541 replaced by U+FFFD.
Invalid UTF-8 byte or sequence at line 586 replaced by U+FFFD.
Invalid UTF-8 byte or sequence at line 586 replaced by U+FFFD.
Invalid UTF-8 byte or sequence at line 588 replaced by U+FFFD.
Invalid UTF-8 byte or sequence at line 588 replaced by U+FFFD.
Invalid UTF-8 byte or sequence at line 595 replaced by U+FFFD.
Invalid UTF-8 byte or sequence at line 597 replaced by U+FFFD.
Invalid UTF-8 byte or sequence at line 599 replaced by U+FFFD.
Invalid UTF-8 byte or sequence at line 602 replaced by U+FFFD.
Invalid UTF-8 byte or sequence at line 605 replaced by U+FFFD.
Invalid UTF-8 byte or sequence at line 605 replaced by U+FFFD.
Invalid UTF-8 byte or sequence at line 610 replaced by U+FFFD.
Invalid UTF-8 byte or sequence at line 615 replaced by U+FFFD.
Invalid UTF-8 byte or sequence at line 632 replaced by U+FFFD.
Invalid UTF-8 byte or sequence at line 632 replaced by U+FFFD.
Invalid UTF-8 byte or sequence at line 633 replaced by U+FFFD.
Invalid UTF-8 byte or sequence at line 635 replaced by U+FFFD.
Invalid UTF-8 byte or sequence at line 637 replaced by U+FFFD.
Invalid UTF-8 byte or sequence at line 647 replaced by U+FFFD.
Invalid UTF-8 byte or sequence at line 653 replaced by U+FFFD.
Invalid UTF-8 byte or sequence at line 678 replaced by U+FFFD.
Invalid UTF-8 byte or sequence at line 700 replaced by U+FFFD.
Invalid UTF-8 byte or sequence at line 705 replaced by U+FFFD.
Invalid UTF-8 byte or sequence at line 715 replaced by U+FFFD.
Invalid UTF-8 byte or sequence at line 715 replaced by U+FFFD.
Invalid UTF-8 byte or sequence at line 715 replaced by U+FFFD.
Invalid UTF-8 byte or sequence at line 719 replaced by U+FFFD.
Invalid UTF-8 byte or sequence at line 732 replaced by U+FFFD.
Invalid UTF-8 byte or sequence at line 732 replaced by U+FFFD.
Invalid UTF-8 byte or sequence at line 741 replaced by U+FFFD.
Invalid UTF-8 byte or sequence at line 741 replaced by U+FFFD.
Invalid UTF-8 byte or sequence at line 742 replaced by U+FFFD.
Invalid UTF-8 byte or sequence at line 742 replaced by U+FFFD.
Invalid UTF-8 byte or sequence at line 762 replaced by U+FFFD.
Invalid UTF-8 byte or sequence at line 773 replaced by U+FFFD.
Invalid UTF-8 byte or sequence at line 773 replaced by U+FFFD.
Invalid UTF-8 byte or sequence at line 774 replaced by U+FFFD.
Invalid UTF-8 byte or sequence at line 774 replaced by U+FFFD.
Invalid UTF-8 byte or sequence at line 774 replaced by U+FFFD.
Invalid UTF-8 byte or sequence at line 797 replaced by U+FFFD.
Invalid UTF-8 byte or sequence at line 797 replaced by U+FFFD.
Invalid UTF-8 byte or sequence at line 810 replaced by U+FFFD.
Invalid UTF-8 byte or sequence at line 824 replaced by U+FFFD.
Invalid UTF-8 byte or sequence at line 824 replaced by U+FFFD.
Invalid UTF-8 byte or sequence at line 831 replaced by U+FFFD.
Invalid UTF-8 byte or sequence at line 838 replaced by U+FFFD.
Invalid UTF-8 byte or sequence at line 838 replaced by U+FFFD.
Invalid UTF-8 byte or sequence at line 846 replaced by U+FFFD.
Invalid UTF-8 byte or sequence at line 846 replaced by U+FFFD.
Invalid UTF-8 byte or sequence at line 861 replaced by U+FFFD.
Invalid UTF-8 byte or sequence at line 862 replaced by U+FFFD.
Invalid UTF-8 byte or sequence at line 864 replaced by U+FFFD.
Invalid UTF-8 byte or sequence at line 864 replaced by U+FFFD.
Invalid UTF-8 byte or sequence at line 908 replaced by U+FFFD.
Invalid UTF-8 byte or sequence at line 909 replaced by U+FFFD.
Invalid UTF-8 byte or sequence at line 909 replaced by U+FFFD.
Invalid UTF-8 byte or sequence at line 934 replaced by U+FFFD.
Invalid UTF-8 byte or sequence at line 934 replaced by U+FFFD.
Invalid UTF-8 byte or sequence at line 936 replaced by U+FFFD.
Invalid UTF-8 byte or sequence at line 936 replaced by U+FFFD.
Invalid UTF-8 byte or sequence at line 940 replaced by U+FFFD.
Invalid UTF-8 byte or sequence at line 940 replaced by U+FFFD.
Invalid UTF-8 byte or sequence at line 962 replaced by U+FFFD.
Invalid UTF-8 byte or sequence at line 962 replaced by U+FFFD.
Invalid UTF-8 byte or sequence at line 964 replaced by U+FFFD.
Invalid UTF-8 byte or sequence at line 965 replaced by U+FFFD.
Invalid UTF-8 byte or sequence at line 1006 replaced by U+FFFD.
)
Package: xstring 2019/02/06 v1.83 String manipulations (CT)
)
("C:\Users\pr_fa\AppData\Local\Programs\MiKTeX 2.9\tex/generic/pgf/frontendlaye
r/tikz/libraries\tikzlibrarybackgrounds.code.tex"
File: tikzlibrarybackgrounds.code.tex 2020/01/08 v3.1.5b (3.1.5b)
\pgf@layerbox@background=\box64
\pgf@layerboxsaved@background=\box65
)
("C:\Users\pr_fa\AppData\Local\Programs\MiKTeX 2.9\tex/generic/pgf/frontendlaye
r/tikz/libraries\tikzlibrarycalc.code.tex"
File: tikzlibrarycalc.code.tex 2020/01/08 v3.1.5b (3.1.5b)
)
("C:\Users\pr_fa\AppData\Local\Programs\MiKTeX 2.9\tex/generic/pgf/frontendlaye
r/tikz/libraries\tikzlibraryfadings.code.tex"
File: tikzlibraryfadings.code.tex 2020/01/08 v3.1.5b (3.1.5b)

("C:\Users\pr_fa\AppData\Local\Programs\MiKTeX 2.9\tex/generic/pgf/libraries\pg
flibraryfadings.code.tex"
File: pgflibraryfadings.code.tex 2020/01/08 v3.1.5b (3.1.5b)
))
("C:\Users\pr_fa\AppData\Local\Programs\MiKTeX 2.9\tex/generic/pgf/frontendlaye
r/tikz/libraries\tikzlibraryshadows.code.tex"
File: tikzlibraryshadows.code.tex 2020/01/08 v3.1.5b (3.1.5b)
)
("C:\Users\pr_fa\AppData\Local\Programs\MiKTeX 2.9\tex/generic/pgf/frontendlaye
r/tikz/libraries\tikzlibraryshapes.arrows.code.tex"
File: tikzlibraryshapes.arrows.code.tex 2020/01/08 v3.1.5b (3.1.5b)

("C:\Users\pr_fa\AppData\Local\Programs\MiKTeX 2.9\tex/generic/pgf/libraries/sh
apes\pgflibraryshapes.arrows.code.tex"
File: pgflibraryshapes.arrows.code.tex 2020/01/08 v3.1.5b (3.1.5b)
))
("C:\Users\pr_fa\AppData\Local\Programs\MiKTeX 2.9\tex/generic/pgf/frontendlaye
r/tikz/libraries\tikzlibraryshapes.symbols.code.tex"
File: tikzlibraryshapes.symbols.code.tex 2020/01/08 v3.1.5b (3.1.5b)

("C:\Users\pr_fa\AppData\Local\Programs\MiKTeX 2.9\tex/generic/pgf/libraries/sh
apes\pgflibraryshapes.symbols.code.tex"
File: pgflibraryshapes.symbols.code.tex 2020/01/08 v3.1.5b (3.1.5b)
))
\pgf@layerbox@smart diagram arrow back=\box66
\pgf@layerboxsaved@smart diagram arrow back=\box67

("C:\Users\pr_fa\AppData\Local\Programs\MiKTeX 2.9\tex/latex/smartdiagram\smart
diagramlibrarycore.definitions.code.tex")
("C:\Users\pr_fa\AppData\Local\Programs\MiKTeX 2.9\tex/latex/smartdiagram\smart
diagramlibrarycore.styles.code.tex")
("C:\Users\pr_fa\AppData\Local\Programs\MiKTeX 2.9\tex/latex/smartdiagram\smart
diagramlibrarycore.commands.code.tex"))) (template.aux)
\openout1 = `template.aux'.

LaTeX Font Info:    Checking defaults for OML/cmm/m/it on input line 72.
LaTeX Font Info:    ... okay on input line 72.
LaTeX Font Info:    Checking defaults for OMS/cmsy/m/n on input line 72.
LaTeX Font Info:    ... okay on input line 72.
LaTeX Font Info:    Checking defaults for OT1/cmr/m/n on input line 72.
LaTeX Font Info:    ... okay on input line 72.
LaTeX Font Info:    Checking defaults for T1/cmr/m/n on input line 72.
LaTeX Font Info:    ... okay on input line 72.
LaTeX Font Info:    Checking defaults for TS1/cmr/m/n on input line 72.
LaTeX Font Info:    Trying to load font information for TS1+cmr on input line 7
2.

("C:\Users\pr_fa\AppData\Local\Programs\MiKTeX 2.9\tex/latex/base\ts1cmr.fd"
File: ts1cmr.fd 2019/12/16 v2.5j Standard LaTeX font definitions
)
LaTeX Font Info:    ... okay on input line 72.
LaTeX Font Info:    Checking defaults for TU/lmr/m/n on input line 72.
LaTeX Font Info:    ... okay on input line 72.
LaTeX Font Info:    Checking defaults for OMX/cmex/m/n on input line 72.
LaTeX Font Info:    ... okay on input line 72.
LaTeX Font Info:    Checking defaults for U/cmr/m/n on input line 72.
LaTeX Font Info:    ... okay on input line 72.
LaTeX Font Info:    Checking defaults for PD1/pdf/m/n on input line 72.
LaTeX Font Info:    ... okay on input line 72.
LaTeX Font Info:    Checking defaults for PU/pdf/m/n on input line 72.
LaTeX Font Info:    ... okay on input line 72.
LaTeX Font Info:    Font shape `TU/ClearSans(0)/m/n' will be
(Font)              scaled to size 10.0pt on input line 72.
Requested font "[ClearSans-Regular.ttf]/OT:script=latn;language=dflt;mapping=te
x-text;" at 10.0pt
 -> C:/Users/pr_fa/AppData/Local/Programs/MiKTeX 2.9/fonts/truetype/intel/clear
sans/ClearSans-Regular.ttf
\symlegacymaths=\mathgroup4
LaTeX Font Info:    Overwriting symbol font `legacymaths' in version `bold'
(Font)                  OT1/cmr/m/n --> OT1/cmr/bx/n on input line 72.
LaTeX Font Info:    Redeclaring math accent \acute on input line 72.
LaTeX Font Info:    Redeclaring math accent \grave on input line 72.
LaTeX Font Info:    Redeclaring math accent \ddot on input line 72.
LaTeX Font Info:    Redeclaring math accent \tilde on input line 72.
LaTeX Font Info:    Redeclaring math accent \bar on input line 72.
LaTeX Font Info:    Redeclaring math accent \breve on input line 72.
LaTeX Font Info:    Redeclaring math accent \check on input line 72.
LaTeX Font Info:    Redeclaring math accent \hat on input line 72.
LaTeX Font Info:    Redeclaring math accent \dot on input line 72.
LaTeX Font Info:    Redeclaring math accent \mathring on input line 72.
LaTeX Font Info:    Redeclaring math symbol \colon on input line 72.
LaTeX Font Info:    Redeclaring math symbol \Gamma on input line 72.
LaTeX Font Info:    Redeclaring math symbol \Delta on input line 72.
LaTeX Font Info:    Redeclaring math symbol \Theta on input line 72.
LaTeX Font Info:    Redeclaring math symbol \Lambda on input line 72.
LaTeX Font Info:    Redeclaring math symbol \Xi on input line 72.
LaTeX Font Info:    Redeclaring math symbol \Pi on input line 72.
LaTeX Font Info:    Redeclaring math symbol \Sigma on input line 72.
LaTeX Font Info:    Redeclaring math symbol \Upsilon on input line 72.
LaTeX Font Info:    Redeclaring math symbol \Phi on input line 72.
LaTeX Font Info:    Redeclaring math symbol \Psi on input line 72.
LaTeX Font Info:    Redeclaring math symbol \Omega on input line 72.
LaTeX Font Info:    Redeclaring math symbol \mathdollar on input line 72.
LaTeX Font Info:    Redeclaring symbol font `operators' on input line 72.
LaTeX Font Info:    Encoding `OT1' has changed to `TU' for symbol font
(Font)              `operators' in the math version `normal' on input line 72.
LaTeX Font Info:    Overwriting symbol font `operators' in version `normal'
(Font)                  OT1/cmr/m/n --> TU/lmr/m/n on input line 72.
LaTeX Font Info:    Encoding `OT1' has changed to `TU' for symbol font
(Font)              `operators' in the math version `bold' on input line 72.
LaTeX Font Info:    Overwriting symbol font `operators' in version `bold'
(Font)                  OT1/cmr/bx/n --> TU/lmr/m/n on input line 72.
LaTeX Font Info:    Overwriting symbol font `operators' in version `normal'
(Font)                  TU/lmr/m/n --> TU/lmr/m/n on input line 72.
LaTeX Font Info:    Overwriting math alphabet `\mathit' in version `normal'
(Font)                  OT1/cmr/m/it --> TU/lmr/m/it on input line 72.
LaTeX Font Info:    Overwriting math alphabet `\mathbf' in version `normal'
(Font)                  OT1/cmr/bx/n --> TU/lmr/b/n on input line 72.
LaTeX Font Info:    Overwriting math alphabet `\mathsf' in version `normal'
(Font)                  OT1/cmss/m/n --> TU/ClearSans(0)/m/n on input line 72.
LaTeX Font Info:    Overwriting math alphabet `\mathtt' in version `normal'
(Font)                  OT1/cmtt/m/n --> TU/lmtt/m/n on input line 72.
LaTeX Font Info:    Overwriting symbol font `operators' in version `bold'
(Font)                  TU/lmr/m/n --> TU/lmr/b/n on input line 72.
LaTeX Font Info:    Overwriting math alphabet `\mathit' in version `bold'
(Font)                  OT1/cmr/bx/it --> TU/lmr/b/it on input line 72.
LaTeX Font Info:    Overwriting math alphabet `\mathsf' in version `bold'
(Font)                  OT1/cmss/bx/n --> TU/ClearSans(0)/b/n on input line 72.

LaTeX Font Info:    Overwriting math alphabet `\mathtt' in version `bold'
(Font)                  OT1/cmtt/m/n --> TU/lmtt/b/n on input line 72.

ABD: EveryShipout initializing macros ABD: EverySelectfont initializing macros
LaTeX Info: Redefining \selectfont on input line 72.
\AtBeginShipoutBox=\box68
Package hyperref Info: Link coloring OFF on input line 72.

("C:\Users\pr_fa\AppData\Local\Programs\MiKTeX 2.9\tex/latex/hyperref\nameref.s
ty"
Package: nameref 2019/09/16 v2.46 Cross-referencing by name of section

("C:\Users\pr_fa\AppData\Local\Programs\MiKTeX 2.9\tex/latex/refcount\refcount.
sty"
Package: refcount 2019/12/15 v3.6 Data extraction from label references (HO)
)
("C:\Users\pr_fa\AppData\Local\Programs\MiKTeX 2.9\tex/generic/gettitlestring\g
ettitlestring.sty"
Package: gettitlestring 2019/12/15 v1.6 Cleanup title references (HO)
)
\c@section@level=\count326
)
LaTeX Info: Redefining \ref on input line 72.
LaTeX Info: Redefining \pageref on input line 72.
LaTeX Info: Redefining \nameref on input line 72.
 (template.out) (template.out)
\@outlinefile=\write4
\openout4 = `template.out'.


*geometry* detected driver: pdftex
*geometry* verbose mode - [ preamble ] result:
* driver: pdftex
* paper: letterpaper
* layout: <same size as paper>
* layoutoffset:(h,v)=(0.0pt,0.0pt)
* modes: 
* h-part:(L,W,R)=(216.2411pt, 369.60115pt, 28.45274pt)
* v-part:(T,H,B)=(2.84544pt, 789.2791pt, 2.84544pt)
* \paperwidth=614.295pt
* \paperheight=794.96999pt
* \textwidth=369.60115pt
* \textheight=789.2791pt
* \oddsidemargin=143.97112pt
* \evensidemargin=143.97112pt
* \topmargin=-69.42455pt
* \headheight=0.0pt
* \headsep=0.0pt
* \topskip=10.0pt
* \footskip=0.0pt
* \marginparwidth=65.0pt
* \marginparsep=11.0pt
* \columnsep=10.0pt
* \skip\footins=9.0pt plus 4.0pt minus 2.0pt
* \hoffset=0.0pt
* \voffset=0.0pt
* \mag=1000
* \@twocolumnfalse
* \@twosidefalse
* \@mparswitchfalse
* \@reversemarginfalse
* (1in=72.27pt=25.4mm, 1cm=28.453pt)

LaTeX Font Info:    Font shape `TU/ClearSans(0)/m/n' will be
(Font)              scaled to size 24.88pt on input line 74.
Requested font "[ClearSans-Regular.ttf]/OT:script=latn;language=dflt;mapping=te
x-text;" at 24.88pt
 -> C:/Users/pr_fa/AppData/Local/Programs/MiKTeX 2.9/fonts/truetype/intel/clear
sans/ClearSans-Regular.ttf
LaTeX Font Info:    Font shape `TU/ClearSans(0)/m/n' will be
(Font)              scaled to size 20.74pt on input line 74.
Requested font "[ClearSans-Regular.ttf]/OT:script=latn;language=dflt;mapping=te
x-text;" at 20.74pt
 -> C:/Users/pr_fa/AppData/Local/Programs/MiKTeX 2.9/fonts/truetype/intel/clear
sans/ClearSans-Regular.ttf
LaTeX Font Info:    Font shape `TU/ClearSans(0)/m/n' will be
(Font)              scaled to size 14.4pt on input line 74.
Requested font "[ClearSans-Regular.ttf]/OT:script=latn;language=dflt;mapping=te
x-text;" at 14.4pt
 -> C:/Users/pr_fa/AppData/Local/Programs/MiKTeX 2.9/fonts/truetype/intel/clear
sans/ClearSans-Regular.ttf
LaTeX Font Info:    Font shape `TU/ClearSans(0)/m/n' will be
(Font)              scaled to size 12.0pt on input line 74.
Requested font "[ClearSans-Regular.ttf]/OT:script=latn;language=dflt;mapping=te
x-text;" at 12.0pt
 -> C:/Users/pr_fa/AppData/Local/Programs/MiKTeX 2.9/fonts/truetype/intel/clear
sans/ClearSans-Regular.ttf

Overfull \hbox (0.72299pt too wide) in paragraph at lines 74--74
[]\TU/ClearSans(0)/m/n/12 Lead Machine Learning Engineer[] 
 []

Requested font "[lmroman7-regular]:mapping=tex-text;" at 7.0pt
 -> C:/Users/pr_fa/AppData/Local/Programs/MiKTeX 2.9/fonts/opentype/public/lm/l
mroman7-regular.otf
Requested font "[lmroman5-regular]:mapping=tex-text;" at 5.0pt
 -> C:/Users/pr_fa/AppData/Local/Programs/MiKTeX 2.9/fonts/opentype/public/lm/l
mroman5-regular.otf
LaTeX Font Info:    External font `cmex10' loaded for size
(Font)              <7> on input line 74.
LaTeX Font Info:    External font `cmex10' loaded for size
(Font)              <5> on input line 74.

LaTeX Font Warning: Command \Huge invalid in math mode on input line 74.

Requested font "FontAwesome/OT:language=dflt;" at 24.88pt
 -> C:/Users/pr_fa/AppData/Local/Programs/MiKTeX 2.9/fonts/opentype/public/font
awesome/FontAwesome.otf

Overfull \hbox (3.57698pt too wide) in paragraph at lines 74--74
[]$[]$| 
 []


LaTeX Font Warning: Command \huge invalid in math mode on input line 74.

Requested font "FontAwesome/OT:language=dflt;" at 20.74pt
 -> C:/Users/pr_fa/AppData/Local/Programs/MiKTeX 2.9/fonts/opentype/public/font
awesome/FontAwesome.otf

Overfull \hbox (9.40044pt too wide) in paragraph at lines 74--74
[]$[]$| 
 []


LaTeX Font Warning: Command \huge invalid in math mode on input line 74.


Overfull \hbox (7.85725pt too wide) in paragraph at lines 74--74
[]$[]$| 
 []


LaTeX Font Warning: Command \huge invalid in math mode on input line 74.


Overfull \hbox (7.85725pt too wide) in paragraph at lines 74--74
[]$[]$| 
 []


LaTeX Font Warning: Command \huge invalid in math mode on input line 74.


Overfull \hbox (7.85725pt too wide) in paragraph at lines 74--74
[]$[]$| 
 []


Overfull \hbox (14.22643pt too wide) in paragraph at lines 74--74
[][] 
 []


Overfull \hbox (6.80759pt too wide) in paragraph at lines 74--74
[]\TU/ClearSans(0)/m/n/20.74 Technical Skills [][] 
 []

LaTeX Font Info:    Font shape `TU/ClearSans(0)/b/n' will be
(Font)              scaled to size 12.0pt on input line 74.
Requested font "[ClearSans-Bold.ttf]/OT:script=latn;language=dflt;mapping=tex-t
ext;" at 12.0pt
 -> C:/Users/pr_fa/AppData/Local/Programs/MiKTeX 2.9/fonts/truetype/intel/clear
sans/ClearSans-Bold.ttf
LaTeX Font Info:    Font shape `TU/ClearSans(0)/m/n' will be
(Font)              scaled to size 8.0pt on input line 74.
Requested font "[ClearSans-Regular.ttf]/OT:script=latn;language=dflt;mapping=te
x-text;" at 8.0pt
 -> C:/Users/pr_fa/AppData/Local/Programs/MiKTeX 2.9/fonts/truetype/intel/clear
sans/ClearSans-Regular.ttf
LaTeX Font Info:    Font shape `TU/ClearSans(0)/b/n' will be
(Font)              scaled to size 8.0pt on input line 74.
Requested font "[ClearSans-Bold.ttf]/OT:script=latn;language=dflt;mapping=tex-t
ext;" at 8.0pt
 -> C:/Users/pr_fa/AppData/Local/Programs/MiKTeX 2.9/fonts/truetype/intel/clear
sans/ClearSans-Bold.ttf

Overfull \hbox (10.49556pt too wide) in paragraph at lines 74--74
[]\TU/ClearSans(0)/m/n/20.74 Career Summary [][] 
 []

LaTeX Font Info:    Font shape `TU/ClearSans(0)/b/n' will be
(Font)              scaled to size 10.0pt on input line 74.
Requested font "[ClearSans-Bold.ttf]/OT:script=latn;language=dflt;mapping=tex-t
ext;" at 10.0pt
 -> C:/Users/pr_fa/AppData/Local/Programs/MiKTeX 2.9/fonts/truetype/intel/clear
sans/ClearSans-Bold.ttf

Overfull \hbox (11.14832pt too wide) in paragraph at lines 74--74
[]\TU/ClearSans(0)/m/n/20.74 Education [][] 
 []

LaTeX Font Info:    Font shape `TU/ClearSans(0)/m/n' will be
(Font)              scaled to size 17.28pt on input line 80.
Requested font "[ClearSans-Regular.ttf]/OT:script=latn;language=dflt;mapping=te
x-text;" at 17.28pt
 -> C:/Users/pr_fa/AppData/Local/Programs/MiKTeX 2.9/fonts/truetype/intel/clear
sans/ClearSans-Regular.ttf
Requested font "[fonts/segoeuib.ttf]/OT:script=latn;language=dflt;" at 17.28pt
 -> ./fonts/segoeuib.ttf

Package hyperref Warning: Suppressing empty link on input line 96.


Underfull \hbox (badness 1331) in paragraph at lines 96--96
[]\TU/ClearSans(0)/m/n/10 Developing my skills by building machine learning mod
els on
 []


Underfull \hbox (badness 10000) in paragraph at lines 82--99

 []


Package hyperref Warning: Suppressing empty link on input line 113.


Underfull \hbox (badness 10000) in paragraph at lines 104--116

 []


Package hyperref Warning: Suppressing link with empty target on input line 136.



Package hyperref Warning: Suppressing link with empty target on input line 150.


[1

]
Package atveryend Info: Empty hook `BeforeClearDocument' on input line 152.
Package atveryend Info: Empty hook `AfterLastShipout' on input line 152.
 (template.aux)
Package atveryend Info: Empty hook `AtVeryEndDocument' on input line 152.
Package atveryend Info: Executing hook `AtEndAfterFileList' on input line 152.
Package rerunfilecheck Info: File `template.out' has not changed.
(rerunfilecheck)             Checksum: D41D8CD98F00B204E9800998ECF8427E;0.
 ) 
Here is how much of TeX's memory you used:
 27510 strings out of 414221
 535680 string characters out of 2898332
 898923 words of memory out of 3000000
 44554 multiletter control sequences out of 15000+200000
 532986 words of font info for 61 fonts, out of 3000000 for 9000
 1348 hyphenation exceptions out of 8191
 66i,17n,85p,800b,836s stack positions out of 5000i,500n,10000p,200000b,50000s

Output written on template.pdf (1 page).
